<?xml version="1.0" encoding="UTF-8"?>
<!-- Generated by org.testng.reporters.JUnitXMLReporter -->
<testsuite ignored="0" hostname="ZCHD-CQR-SHIVAM-PANDOH" failures="0" tests="12" name="Default test" time="18.77" errors="0" timestamp="26 May 2022 09:20:01 GMT">
  <testcase classname="Apitesting.sampleproject.TestCases" name="testCreateUser" time="4.369"/>
  <testcase classname="Apitesting.sampleproject.TestCases" name="testDelayedResponse" time="4.056"/>
  <testcase classname="Apitesting.sampleproject.TestCases" name="testFetchListResource" time="0.765"/>
  <testcase classname="Apitesting.sampleproject.TestCases" name="testFetchResource" time="0.683"/>
  <testcase classname="Apitesting.sampleproject.TestCases" name="testFetchResourceNotFound" time="0.707"/>
  <testcase classname="Apitesting.sampleproject.TestCases" name="testFetchUser" time="0.709"/>
  <testcase classname="Apitesting.sampleproject.TestCases" name="testFetchUsers" time="0.703"/>
  <testcase classname="Apitesting.sampleproject.TestCases" name="testLoginSuccessful" time="0.754"/>
  <testcase classname="Apitesting.sampleproject.TestCases" name="testLoginUnSuccessful" time="0.722"/>
  <testcase classname="Apitesting.sampleproject.TestCases" name="testRegisterUserSuccessful" time="0.788"/>
  <testcase classname="Apitesting.sampleproject.TestCases" name="testRegisterUserUnsuccessful" time="0.735"/>
  <testcase classname="Apitesting.sampleproject.TestCases" name="testUserNotFound" time="0.731"/>
</testsuite> <!-- Default test -->
