<?xml version="1.0" encoding="UTF-8"?>
<!-- Generated by org.testng.reporters.JUnitXMLReporter -->
<testsuite ignored="0" hostname="ZCHD-CQR-SHIVAM-PANDOH" failures="0" tests="12" name="Demo Api Tests" time="13.795" errors="0" timestamp="27 May 2022 12:12:18 GMT">
  <testcase classname="Apitesting.sampleproject.TestCases" name="testCreateUser" time="1.907"/>
  <testcase classname="Apitesting.sampleproject.TestCases" name="testDelayedResponse" time="3.751"/>
  <testcase classname="Apitesting.sampleproject.TestCases" name="testFetchListResource" time="0.733"/>
  <testcase classname="Apitesting.sampleproject.TestCases" name="testFetchResource" time="0.681"/>
  <testcase classname="Apitesting.sampleproject.TestCases" name="testFetchResourceNotFound" time="0.71"/>
  <testcase classname="Apitesting.sampleproject.TestCases" name="testFetchUser" time="0.716"/>
  <testcase classname="Apitesting.sampleproject.TestCases" name="testFetchUsers" time="0.667"/>
  <testcase classname="Apitesting.sampleproject.TestCases" name="testLoginSuccessful" time="0.795"/>
  <testcase classname="Apitesting.sampleproject.TestCases" name="testLoginUnSuccessful" time="0.78"/>
  <testcase classname="Apitesting.sampleproject.TestCases" name="testRegisterUserSuccessful" time="0.756"/>
  <testcase classname="Apitesting.sampleproject.TestCases" name="testRegisterUserUnsuccessful" time="0.739"/>
  <testcase classname="Apitesting.sampleproject.TestCases" name="testUserNotFound" time="0.722"/>
</testsuite> <!-- Demo Api Tests -->
