<?xml version="1.0" encoding="UTF-8"?>
<!-- Generated by org.testng.reporters.JUnitXMLReporter -->
<testsuite ignored="0" hostname="ZCHD-CQR-SHIVAM-PANDOH" failures="0" tests="12" name="Demo Api Tests" time="18.652" errors="0" timestamp="27 May 2022 09:11:44 GMT">
  <testcase classname="Apitesting.sampleproject.TestCases" name="testCreateUser" time="3.888"/>
  <testcase classname="Apitesting.sampleproject.TestCases" name="testDelayedResponse" time="4.699"/>
  <testcase classname="Apitesting.sampleproject.TestCases" name="testFetchListResource" time="0.705"/>
  <testcase classname="Apitesting.sampleproject.TestCases" name="testFetchResource" time="0.714"/>
  <testcase classname="Apitesting.sampleproject.TestCases" name="testFetchResourceNotFound" time="1.333"/>
  <testcase classname="Apitesting.sampleproject.TestCases" name="testFetchUser" time="0.707"/>
  <testcase classname="Apitesting.sampleproject.TestCases" name="testFetchUsers" time="0.949"/>
  <testcase classname="Apitesting.sampleproject.TestCases" name="testLoginSuccessful" time="0.691"/>
  <testcase classname="Apitesting.sampleproject.TestCases" name="testLoginUnSuccessful" time="1.326"/>
  <testcase classname="Apitesting.sampleproject.TestCases" name="testRegisterUserSuccessful" time="0.668"/>
  <testcase classname="Apitesting.sampleproject.TestCases" name="testRegisterUserUnsuccessful" time="1.258"/>
  <testcase classname="Apitesting.sampleproject.TestCases" name="testUserNotFound" time="0.691"/>
</testsuite> <!-- Demo Api Tests -->
