<?xml version="1.0" encoding="UTF-8"?>
<testng-results ignored="0" total="12" passed="12" failed="0" skipped="0">
  <reporter-output>
  </reporter-output>
  <suite started-at="2022-05-26T09:19:42Z" name="Default suite" finished-at="2022-05-26T09:20:01Z" duration-ms="18770">
    <groups>
    </groups>
    <test started-at="2022-05-26T09:19:42Z" name="Default test" finished-at="2022-05-26T09:20:01Z" duration-ms="18770">
      <class name="Apitesting.sampleproject.TestCases">
        <test-method is-config="true" signature="setSpecification()[pri:0, instance:Apitesting.sampleproject.TestCases@68dc098b]" started-at="2022-05-26T09:19:42Z" name="setSpecification" finished-at="2022-05-26T09:19:45Z" duration-ms="2472" status="PASS">
          <reporter-output>
          </reporter-output>
        </test-method> <!-- setSpecification -->
        <test-method signature="testCreateUser()[pri:0, instance:Apitesting.sampleproject.TestCases@68dc098b]" started-at="2022-05-26T09:19:45Z" name="testCreateUser" finished-at="2022-05-26T09:19:49Z" duration-ms="4369" status="PASS">
          <reporter-output>
          </reporter-output>
        </test-method> <!-- testCreateUser -->
        <test-method signature="testDelayedResponse()[pri:0, instance:Apitesting.sampleproject.TestCases@68dc098b]" started-at="2022-05-26T09:19:49Z" name="testDelayedResponse" finished-at="2022-05-26T09:19:53Z" duration-ms="4056" status="PASS">
          <reporter-output>
          </reporter-output>
        </test-method> <!-- testDelayedResponse -->
        <test-method signature="testFetchListResource()[pri:0, instance:Apitesting.sampleproject.TestCases@68dc098b]" started-at="2022-05-26T09:19:53Z" name="testFetchListResource" finished-at="2022-05-26T09:19:54Z" duration-ms="765" status="PASS">
          <reporter-output>
          </reporter-output>
        </test-method> <!-- testFetchListResource -->
        <test-method signature="testFetchResource()[pri:0, instance:Apitesting.sampleproject.TestCases@68dc098b]" started-at="2022-05-26T09:19:54Z" name="testFetchResource" finished-at="2022-05-26T09:19:55Z" duration-ms="683" status="PASS">
          <reporter-output>
          </reporter-output>
        </test-method> <!-- testFetchResource -->
        <test-method signature="testFetchResourceNotFound()[pri:0, instance:Apitesting.sampleproject.TestCases@68dc098b]" started-at="2022-05-26T09:19:55Z" name="testFetchResourceNotFound" finished-at="2022-05-26T09:19:55Z" duration-ms="707" status="PASS">
          <reporter-output>
          </reporter-output>
        </test-method> <!-- testFetchResourceNotFound -->
        <test-method signature="testFetchUser()[pri:0, instance:Apitesting.sampleproject.TestCases@68dc098b]" started-at="2022-05-26T09:19:55Z" name="testFetchUser" finished-at="2022-05-26T09:19:56Z" duration-ms="709" status="PASS">
          <reporter-output>
          </reporter-output>
        </test-method> <!-- testFetchUser -->
        <test-method signature="testFetchUsers()[pri:0, instance:Apitesting.sampleproject.TestCases@68dc098b]" started-at="2022-05-26T09:19:56Z" name="testFetchUsers" finished-at="2022-05-26T09:19:57Z" duration-ms="703" status="PASS">
          <reporter-output>
          </reporter-output>
        </test-method> <!-- testFetchUsers -->
        <test-method signature="testLoginSuccessful()[pri:0, instance:Apitesting.sampleproject.TestCases@68dc098b]" started-at="2022-05-26T09:19:57Z" name="testLoginSuccessful" finished-at="2022-05-26T09:19:58Z" duration-ms="754" status="PASS">
          <reporter-output>
          </reporter-output>
        </test-method> <!-- testLoginSuccessful -->
        <test-method signature="testLoginUnSuccessful()[pri:0, instance:Apitesting.sampleproject.TestCases@68dc098b]" started-at="2022-05-26T09:19:58Z" name="testLoginUnSuccessful" finished-at="2022-05-26T09:19:58Z" duration-ms="722" status="PASS">
          <reporter-output>
          </reporter-output>
        </test-method> <!-- testLoginUnSuccessful -->
        <test-method signature="testRegisterUserSuccessful()[pri:0, instance:Apitesting.sampleproject.TestCases@68dc098b]" started-at="2022-05-26T09:19:58Z" name="testRegisterUserSuccessful" finished-at="2022-05-26T09:19:59Z" duration-ms="788" status="PASS">
          <reporter-output>
          </reporter-output>
        </test-method> <!-- testRegisterUserSuccessful -->
        <test-method signature="testRegisterUserUnsuccessful()[pri:0, instance:Apitesting.sampleproject.TestCases@68dc098b]" started-at="2022-05-26T09:19:59Z" name="testRegisterUserUnsuccessful" finished-at="2022-05-26T09:20:00Z" duration-ms="735" status="PASS">
          <reporter-output>
          </reporter-output>
        </test-method> <!-- testRegisterUserUnsuccessful -->
        <test-method signature="testUserNotFound()[pri:0, instance:Apitesting.sampleproject.TestCases@68dc098b]" started-at="2022-05-26T09:20:00Z" name="testUserNotFound" finished-at="2022-05-26T09:20:01Z" duration-ms="731" status="PASS">
          <reporter-output>
          </reporter-output>
        </test-method> <!-- testUserNotFound -->
        <test-method is-config="true" signature="closeReport()[pri:0, instance:Apitesting.sampleproject.TestCases@68dc098b]" started-at="2022-05-26T09:20:01Z" name="closeReport" finished-at="2022-05-26T09:20:01Z" duration-ms="493" status="PASS">
          <reporter-output>
          </reporter-output>
        </test-method> <!-- closeReport -->
      </class> <!-- Apitesting.sampleproject.TestCases -->
    </test> <!-- Default test -->
  </suite> <!-- Default suite -->
</testng-results>
